Name           Stmts   Miss Branch BrPart  Cover   Missing
----------------------------------------------------------
microjson.py     259     88    128     17    70%   1-37, 40, 44, 48, 51, 55, 60-62, 65-68, 73, 76-88, 101, 107, 114, 118, 124-126, 139, 146, 154, 166-168, 177, 181, 191, 197-199, 217-219, 222, 224, 228, 238, 250, 259, 265, 275, 285-292, 297-298, 58->60, 106->107, 113->114, 121->124, 138->139, 153->154, 162->166, 176->177, 180->181, 186->197, 190->191, 215->217, 221->222, 223->224, 258->259, 274->275, 283->285
